0 info it worked if it ends with ok
1 verbose cli [
1 verbose cli   'C:\\Program Files\\nodejs\\node.exe',
1 verbose cli   'C:\\Users\\WalidCorleone\\Desktop\\projet\\SUPERVISOR\\server\\node_modules\\npm\\bin\\npm-cli.js',
1 verbose cli   'run',
1 verbose cli   'build'
1 verbose cli ]
2 info using npm@2.15.12
3 info using node@v14.15.4
4 warn invalid config loglevel="notice"
5 verbose run-script [ 'prebuild', 'build', 'postbuild' ]
6 info prebuild server@1.0.0
7 info build server@1.0.0
8 verbose unsafe-perm in lifecycle true
9 info server@1.0.0 Failed to exec build script
10 verbose stack Error: server@1.0.0 build: `rimraf ./build && tsc`
10 verbose stack Exit status 2
10 verbose stack     at EventEmitter.<anonymous> (C:\Users\WalidCorleone\Desktop\projet\SUPERVISOR\server\node_modules\npm\lib\utils\lifecycle.js:217:16)
10 verbose stack     at EventEmitter.emit (events.js:315:20)
10 verbose stack     at ChildProcess.<anonymous> (C:\Users\WalidCorleone\Desktop\projet\SUPERVISOR\server\node_modules\npm\lib\utils\spawn.js:24:14)
10 verbose stack     at ChildProcess.emit (events.js:315:20)
10 verbose stack     at maybeClose (internal/child_process.js:1048:16)
10 verbose stack     at Process.ChildProcess._handle.onexit (internal/child_process.js:288:5)
11 verbose pkgid server@1.0.0
12 verbose cwd C:\Users\WalidCorleone\Desktop\projet\SUPERVISOR\server
13 error Windows_NT 10.0.19043
14 error argv "C:\\Program Files\\nodejs\\node.exe" "C:\\Users\\WalidCorleone\\Desktop\\projet\\SUPERVISOR\\server\\node_modules\\npm\\bin\\npm-cli.js" "run" "build"
15 error node v14.15.4
16 error npm  v2.15.12
17 error code ELIFECYCLE
18 error server@1.0.0 build: `rimraf ./build && tsc`
18 error Exit status 2
19 error Failed at the server@1.0.0 build script 'rimraf ./build && tsc'.
19 error This is most likely a problem with the server package,
19 error not with npm itself.
19 error Tell the author that this fails on your system:
19 error     rimraf ./build && tsc
19 error You can get information on how to open an issue for this project with:
19 error     npm bugs server
19 error Or if that isn't available, you can get their info via:
19 error
19 error     npm owner ls server
19 error There is likely additional logging output above.
20 verbose exit [ 1, true ]
